0 info it worked if it ends with ok
1 verbose cli [ '/Users/brainiac/.meteor/packages/meteor-tool/.1.4.2_1.3msdi1++os.osx.x86_64+web.browser+web.cordova/mt-os.osx.x86_64/dev_bundle/bin/node',
1 verbose cli   '/Users/brainiac/.meteor/packages/meteor-tool/.1.4.2_1.3msdi1++os.osx.x86_64+web.browser+web.cordova/mt-os.osx.x86_64/dev_bundle/bin/npm',
1 verbose cli   'install',
1 verbose cli   '--save',
1 verbose cli   'bcrypt' ]
2 info using npm@3.10.9
3 info using node@v4.6.1
4 silly loadCurrentTree Starting
5 silly install loadCurrentTree
6 silly install readLocalPackageData
7 silly fetchPackageMetaData bcrypt
8 silly fetchNamedPackageData bcrypt
9 silly mapToRegistry name bcrypt
10 silly mapToRegistry using default registry
11 silly mapToRegistry registry https://registry.npmjs.org/
12 silly mapToRegistry data Result {
12 silly mapToRegistry   raw: 'bcrypt',
12 silly mapToRegistry   scope: null,
12 silly mapToRegistry   escapedName: 'bcrypt',
12 silly mapToRegistry   name: 'bcrypt',
12 silly mapToRegistry   rawSpec: '',
12 silly mapToRegistry   spec: 'latest',
12 silly mapToRegistry   type: 'tag' }
13 silly mapToRegistry uri https://registry.npmjs.org/bcrypt
14 verbose request uri https://registry.npmjs.org/bcrypt
15 verbose request no auth needed
16 info attempt registry request try #1 at 13:00:58
17 verbose request id d0d5b02232470910
18 verbose etag W/"5825b7ea-14213"
19 verbose lastModified Fri, 11 Nov 2016 12:22:02 GMT
20 http request GET https://registry.npmjs.org/bcrypt
21 http 200 https://registry.npmjs.org/bcrypt
22 verbose headers { server: 'nginx/1.10.1',
22 verbose headers   'content-type': 'application/json',
22 verbose headers   'last-modified': 'Wed, 16 Nov 2016 19:24:01 GMT',
22 verbose headers   etag: 'W/"582cb251-1423e"',
22 verbose headers   'content-encoding': 'gzip',
22 verbose headers   'cache-control': 'max-age=300',
22 verbose headers   'content-length': '9932',
22 verbose headers   'accept-ranges': 'bytes',
22 verbose headers   date: 'Fri, 18 Nov 2016 04:00:58 GMT',
22 verbose headers   via: '1.1 varnish',
22 verbose headers   age: '0',
22 verbose headers   connection: 'keep-alive',
22 verbose headers   'x-served-by': 'cache-nrt6129-NRT',
22 verbose headers   'x-cache': 'HIT',
22 verbose headers   'x-cache-hits': '1',
22 verbose headers   'x-timer': 'S1479441658.804418,VS0,VE149',
22 verbose headers   vary: 'Accept-Encoding' }
23 silly get cb [ 200,
23 silly get   { server: 'nginx/1.10.1',
23 silly get     'content-type': 'application/json',
23 silly get     'last-modified': 'Wed, 16 Nov 2016 19:24:01 GMT',
23 silly get     etag: 'W/"582cb251-1423e"',
23 silly get     'content-encoding': 'gzip',
23 silly get     'cache-control': 'max-age=300',
23 silly get     'content-length': '9932',
23 silly get     'accept-ranges': 'bytes',
23 silly get     date: 'Fri, 18 Nov 2016 04:00:58 GMT',
23 silly get     via: '1.1 varnish',
23 silly get     age: '0',
23 silly get     connection: 'keep-alive',
23 silly get     'x-served-by': 'cache-nrt6129-NRT',
23 silly get     'x-cache': 'HIT',
23 silly get     'x-cache-hits': '1',
23 silly get     'x-timer': 'S1479441658.804418,VS0,VE149',
23 silly get     vary: 'Accept-Encoding' } ]
24 verbose get saving bcrypt to /Users/brainiac/.meteor/packages/meteor-tool/.1.4.2_1.3msdi1++os.osx.x86_64+web.browser+web.cordova/mt-os.osx.x86_64/dev_bundle/.npm/registry.npmjs.org/bcrypt/.cache.json
25 verbose correctMkdir /Users/brainiac/.meteor/packages/meteor-tool/.1.4.2_1.3msdi1++os.osx.x86_64+web.browser+web.cordova/mt-os.osx.x86_64/dev_bundle/.npm correctMkdir not in flight; initializing
26 silly install normalizeTree
27 silly loadCurrentTree Finishing
28 silly loadIdealTree Starting
29 silly install loadIdealTree
30 silly cloneCurrentTree Starting
31 silly install cloneCurrentTreeToIdealTree
32 silly cloneCurrentTree Finishing
33 silly loadShrinkwrap Starting
34 silly install loadShrinkwrap
35 silly loadShrinkwrap Finishing
36 silly loadAllDepsIntoIdealTree Starting
37 silly install loadAllDepsIntoIdealTree
38 silly resolveWithNewModule bcrypt@0.8.7 checking installable status
39 silly cache add args [ 'bcrypt', null ]
40 verbose cache add spec bcrypt
41 silly cache add parsed spec Result {
41 silly cache add   raw: 'bcrypt',
41 silly cache add   scope: null,
41 silly cache add   escapedName: 'bcrypt',
41 silly cache add   name: 'bcrypt',
41 silly cache add   rawSpec: '',
41 silly cache add   spec: 'latest',
41 silly cache add   type: 'tag' }
42 silly addNamed bcrypt@latest
43 verbose addNamed "latest" is being treated as a dist-tag for bcrypt
44 info addNameTag [ 'bcrypt', 'latest' ]
45 silly mapToRegistry name bcrypt
46 silly mapToRegistry using default registry
47 silly mapToRegistry registry https://registry.npmjs.org/
48 silly mapToRegistry data Result {
48 silly mapToRegistry   raw: 'bcrypt',
48 silly mapToRegistry   scope: null,
48 silly mapToRegistry   escapedName: 'bcrypt',
48 silly mapToRegistry   name: 'bcrypt',
48 silly mapToRegistry   rawSpec: '',
48 silly mapToRegistry   spec: 'latest',
48 silly mapToRegistry   type: 'tag' }
49 silly mapToRegistry uri https://registry.npmjs.org/bcrypt
50 verbose addNameTag registry:https://registry.npmjs.org/bcrypt not in flight; fetching
51 verbose get https://registry.npmjs.org/bcrypt not expired, no request
52 silly addNameTag next cb for bcrypt with tag latest
53 silly addNamed bcrypt@0.8.7
54 verbose addNamed "0.8.7" is a plain semver version for bcrypt
55 silly cache afterAdd bcrypt@0.8.7
56 verbose afterAdd /Users/brainiac/.meteor/packages/meteor-tool/.1.4.2_1.3msdi1++os.osx.x86_64+web.browser+web.cordova/mt-os.osx.x86_64/dev_bundle/.npm/bcrypt/0.8.7/package/package.json not in flight; writing
57 verbose correctMkdir /Users/brainiac/.meteor/packages/meteor-tool/.1.4.2_1.3msdi1++os.osx.x86_64+web.browser+web.cordova/mt-os.osx.x86_64/dev_bundle/.npm correctMkdir not in flight; initializing
58 verbose afterAdd /Users/brainiac/.meteor/packages/meteor-tool/.1.4.2_1.3msdi1++os.osx.x86_64+web.browser+web.cordova/mt-os.osx.x86_64/dev_bundle/.npm/bcrypt/0.8.7/package/package.json written
59 silly fetchNamedPackageData bindings
60 silly mapToRegistry name bindings
61 silly mapToRegistry using default registry
62 silly mapToRegistry registry https://registry.npmjs.org/
63 silly mapToRegistry data Result {
63 silly mapToRegistry   raw: 'bindings',
63 silly mapToRegistry   scope: null,
63 silly mapToRegistry   escapedName: 'bindings',
63 silly mapToRegistry   name: 'bindings',
63 silly mapToRegistry   rawSpec: '',
63 silly mapToRegistry   spec: 'latest',
63 silly mapToRegistry   type: 'tag' }
64 silly mapToRegistry uri https://registry.npmjs.org/bindings
65 silly fetchNamedPackageData nan
66 silly mapToRegistry name nan
67 silly mapToRegistry using default registry
68 silly mapToRegistry registry https://registry.npmjs.org/
69 silly mapToRegistry data Result {
69 silly mapToRegistry   raw: 'nan',
69 silly mapToRegistry   scope: null,
69 silly mapToRegistry   escapedName: 'nan',
69 silly mapToRegistry   name: 'nan',
69 silly mapToRegistry   rawSpec: '',
69 silly mapToRegistry   spec: 'latest',
69 silly mapToRegistry   type: 'tag' }
70 silly mapToRegistry uri https://registry.npmjs.org/nan
71 verbose request uri https://registry.npmjs.org/bindings
72 verbose request no auth needed
73 info attempt registry request try #1 at 13:00:59
74 verbose etag W/"580645d3-46f7"
75 verbose lastModified Tue, 18 Oct 2016 15:54:59 GMT
76 http request GET https://registry.npmjs.org/bindings
77 verbose request uri https://registry.npmjs.org/nan
78 verbose request no auth needed
79 info attempt registry request try #1 at 13:00:59
80 verbose etag W/"5818d749-1ce1e"
81 verbose lastModified Tue, 01 Nov 2016 17:56:25 GMT
82 http request GET https://registry.npmjs.org/nan
83 http 304 https://registry.npmjs.org/bindings
84 verbose headers { date: 'Fri, 18 Nov 2016 04:00:59 GMT',
84 verbose headers   via: '1.1 varnish',
84 verbose headers   'cache-control': 'max-age=300',
84 verbose headers   etag: 'W/"580645d3-46f7"',
84 verbose headers   age: '102',
84 verbose headers   connection: 'keep-alive',
84 verbose headers   'x-served-by': 'cache-nrt6129-NRT',
84 verbose headers   'x-cache': 'HIT',
84 verbose headers   'x-cache-hits': '1',
84 verbose headers   'x-timer': 'S1479441659.091295,VS0,VE0',
84 verbose headers   vary: 'Accept-Encoding' }
85 silly get cb [ 304,
85 silly get   { date: 'Fri, 18 Nov 2016 04:00:59 GMT',
85 silly get     via: '1.1 varnish',
85 silly get     'cache-control': 'max-age=300',
85 silly get     etag: 'W/"580645d3-46f7"',
85 silly get     age: '102',
85 silly get     connection: 'keep-alive',
85 silly get     'x-served-by': 'cache-nrt6129-NRT',
85 silly get     'x-cache': 'HIT',
85 silly get     'x-cache-hits': '1',
85 silly get     'x-timer': 'S1479441659.091295,VS0,VE0',
85 silly get     vary: 'Accept-Encoding' } ]
86 verbose etag https://registry.npmjs.org/bindings from cache
87 verbose get saving bindings to /Users/brainiac/.meteor/packages/meteor-tool/.1.4.2_1.3msdi1++os.osx.x86_64+web.browser+web.cordova/mt-os.osx.x86_64/dev_bundle/.npm/registry.npmjs.org/bindings/.cache.json
88 verbose correctMkdir /Users/brainiac/.meteor/packages/meteor-tool/.1.4.2_1.3msdi1++os.osx.x86_64+web.browser+web.cordova/mt-os.osx.x86_64/dev_bundle/.npm correctMkdir not in flight; initializing
89 silly resolveWithNewModule bindings@1.2.1 checking installable status
90 silly cache add args [ 'bindings@1.2.1', null ]
91 verbose cache add spec bindings@1.2.1
92 silly cache add parsed spec Result {
92 silly cache add   raw: 'bindings@1.2.1',
92 silly cache add   scope: null,
92 silly cache add   escapedName: 'bindings',
92 silly cache add   name: 'bindings',
92 silly cache add   rawSpec: '1.2.1',
92 silly cache add   spec: '1.2.1',
92 silly cache add   type: 'version' }
93 silly addNamed bindings@1.2.1
94 verbose addNamed "1.2.1" is a plain semver version for bindings
95 silly mapToRegistry name bindings
96 silly mapToRegistry using default registry
97 silly mapToRegistry registry https://registry.npmjs.org/
98 silly mapToRegistry data Result {
98 silly mapToRegistry   raw: 'bindings',
98 silly mapToRegistry   scope: null,
98 silly mapToRegistry   escapedName: 'bindings',
98 silly mapToRegistry   name: 'bindings',
98 silly mapToRegistry   rawSpec: '',
98 silly mapToRegistry   spec: 'latest',
98 silly mapToRegistry   type: 'tag' }
99 silly mapToRegistry uri https://registry.npmjs.org/bindings
100 verbose addNameVersion registry:https://registry.npmjs.org/bindings not in flight; fetching
101 verbose get https://registry.npmjs.org/bindings not expired, no request
102 silly cache afterAdd bindings@1.2.1
103 verbose afterAdd /Users/brainiac/.meteor/packages/meteor-tool/.1.4.2_1.3msdi1++os.osx.x86_64+web.browser+web.cordova/mt-os.osx.x86_64/dev_bundle/.npm/bindings/1.2.1/package/package.json not in flight; writing
104 verbose correctMkdir /Users/brainiac/.meteor/packages/meteor-tool/.1.4.2_1.3msdi1++os.osx.x86_64+web.browser+web.cordova/mt-os.osx.x86_64/dev_bundle/.npm correctMkdir not in flight; initializing
105 verbose afterAdd /Users/brainiac/.meteor/packages/meteor-tool/.1.4.2_1.3msdi1++os.osx.x86_64+web.browser+web.cordova/mt-os.osx.x86_64/dev_bundle/.npm/bindings/1.2.1/package/package.json written
106 http 304 https://registry.npmjs.org/nan
107 verbose headers { date: 'Fri, 18 Nov 2016 04:00:59 GMT',
107 verbose headers   via: '1.1 varnish',
107 verbose headers   'cache-control': 'max-age=300',
107 verbose headers   etag: 'W/"5818d749-1ce1e"',
107 verbose headers   age: '252',
107 verbose headers   connection: 'keep-alive',
107 verbose headers   'x-served-by': 'cache-nrt6133-NRT',
107 verbose headers   'x-cache': 'HIT',
107 verbose headers   'x-cache-hits': '4',
107 verbose headers   'x-timer': 'S1479441659.186294,VS0,VE0',
107 verbose headers   vary: 'Accept-Encoding' }
108 silly get cb [ 304,
108 silly get   { date: 'Fri, 18 Nov 2016 04:00:59 GMT',
108 silly get     via: '1.1 varnish',
108 silly get     'cache-control': 'max-age=300',
108 silly get     etag: 'W/"5818d749-1ce1e"',
108 silly get     age: '252',
108 silly get     connection: 'keep-alive',
108 silly get     'x-served-by': 'cache-nrt6133-NRT',
108 silly get     'x-cache': 'HIT',
108 silly get     'x-cache-hits': '4',
108 silly get     'x-timer': 'S1479441659.186294,VS0,VE0',
108 silly get     vary: 'Accept-Encoding' } ]
109 verbose etag https://registry.npmjs.org/nan from cache
110 verbose get saving nan to /Users/brainiac/.meteor/packages/meteor-tool/.1.4.2_1.3msdi1++os.osx.x86_64+web.browser+web.cordova/mt-os.osx.x86_64/dev_bundle/.npm/registry.npmjs.org/nan/.cache.json
111 verbose correctMkdir /Users/brainiac/.meteor/packages/meteor-tool/.1.4.2_1.3msdi1++os.osx.x86_64+web.browser+web.cordova/mt-os.osx.x86_64/dev_bundle/.npm correctMkdir not in flight; initializing
112 silly resolveWithNewModule nan@2.3.5 checking installable status
113 silly cache add args [ 'nan@2.3.5', null ]
114 verbose cache add spec nan@2.3.5
115 silly cache add parsed spec Result {
115 silly cache add   raw: 'nan@2.3.5',
115 silly cache add   scope: null,
115 silly cache add   escapedName: 'nan',
115 silly cache add   name: 'nan',
115 silly cache add   rawSpec: '2.3.5',
115 silly cache add   spec: '2.3.5',
115 silly cache add   type: 'version' }
116 silly addNamed nan@2.3.5
117 verbose addNamed "2.3.5" is a plain semver version for nan
118 silly mapToRegistry name nan
119 silly mapToRegistry using default registry
120 silly mapToRegistry registry https://registry.npmjs.org/
121 silly mapToRegistry data Result {
121 silly mapToRegistry   raw: 'nan',
121 silly mapToRegistry   scope: null,
121 silly mapToRegistry   escapedName: 'nan',
121 silly mapToRegistry   name: 'nan',
121 silly mapToRegistry   rawSpec: '',
121 silly mapToRegistry   spec: 'latest',
121 silly mapToRegistry   type: 'tag' }
122 silly mapToRegistry uri https://registry.npmjs.org/nan
123 verbose addNameVersion registry:https://registry.npmjs.org/nan not in flight; fetching
124 verbose get https://registry.npmjs.org/nan not expired, no request
125 silly cache afterAdd nan@2.3.5
126 verbose afterAdd /Users/brainiac/.meteor/packages/meteor-tool/.1.4.2_1.3msdi1++os.osx.x86_64+web.browser+web.cordova/mt-os.osx.x86_64/dev_bundle/.npm/nan/2.3.5/package/package.json not in flight; writing
127 verbose correctMkdir /Users/brainiac/.meteor/packages/meteor-tool/.1.4.2_1.3msdi1++os.osx.x86_64+web.browser+web.cordova/mt-os.osx.x86_64/dev_bundle/.npm correctMkdir not in flight; initializing
128 verbose afterAdd /Users/brainiac/.meteor/packages/meteor-tool/.1.4.2_1.3msdi1++os.osx.x86_64+web.browser+web.cordova/mt-os.osx.x86_64/dev_bundle/.npm/nan/2.3.5/package/package.json written
129 silly loadAllDepsIntoIdealTree Finishing
130 silly loadIdealTree Finishing
131 silly currentTree workoutTracker@
131 silly currentTree ├── babel-runtime@6.18.0
131 silly currentTree ├── core-js@2.4.1
131 silly currentTree ├─┬ meteor-node-stubs@0.2.4
131 silly currentTree │ ├── asn1.js@4.9.0
131 silly currentTree │ ├── assert@1.4.1
131 silly currentTree │ ├── base64-js@1.2.0
131 silly currentTree │ ├── Base64@0.2.1
131 silly currentTree │ ├── bn.js@4.11.6
131 silly currentTree │ ├── brorand@1.0.6
131 silly currentTree │ ├── browserify-aes@1.0.6
131 silly currentTree │ ├── browserify-cipher@1.0.0
131 silly currentTree │ ├── browserify-des@1.0.0
131 silly currentTree │ ├── browserify-rsa@4.0.1
131 silly currentTree │ ├── browserify-sign@4.0.0
131 silly currentTree │ ├── browserify-zlib@0.1.4
131 silly currentTree │ ├── buffer-shims@1.0.0
131 silly currentTree │ ├── buffer-xor@1.0.3
131 silly currentTree │ ├── buffer@4.9.1
131 silly currentTree │ ├── cipher-base@1.0.3
131 silly currentTree │ ├── console-browserify@1.1.0
131 silly currentTree │ ├── constants-browserify@1.0.0
131 silly currentTree │ ├── core-util-is@1.0.2
131 silly currentTree │ ├── create-ecdh@4.0.0
131 silly currentTree │ ├── create-hash@1.1.2
131 silly currentTree │ ├── create-hmac@1.1.4
131 silly currentTree │ ├── crypto-browserify@3.11.0
131 silly currentTree │ ├── date-now@0.1.4
131 silly currentTree │ ├── des.js@1.0.0
131 silly currentTree │ ├── diffie-hellman@5.0.2
131 silly currentTree │ ├── domain-browser@1.1.7
131 silly currentTree │ ├── elliptic@6.3.2
131 silly currentTree │ ├── events@1.1.1
131 silly currentTree │ ├── evp_bytestokey@1.0.0
131 silly currentTree │ ├── hash.js@1.0.3
131 silly currentTree │ ├── http-browserify@1.7.0
131 silly currentTree │ ├── https-browserify@0.0.1
131 silly currentTree │ ├── ieee754@1.1.8
131 silly currentTree │ ├── indexof@0.0.1
131 silly currentTree │ ├── inherits@2.0.1
131 silly currentTree │ ├── isarray@1.0.0
131 silly currentTree │ ├── miller-rabin@4.0.0
131 silly currentTree │ ├── minimalistic-assert@1.0.0
131 silly currentTree │ ├── os-browserify@0.2.1
131 silly currentTree │ ├── pako@0.2.9
131 silly currentTree │ ├── parse-asn1@5.0.0
131 silly currentTree │ ├── path-browserify@0.0.0
131 silly currentTree │ ├── pbkdf2@3.0.9
131 silly currentTree │ ├── process-nextick-args@1.0.7
131 silly currentTree │ ├── process@0.11.9
131 silly currentTree │ ├── public-encrypt@4.0.0
131 silly currentTree │ ├── punycode@1.4.1
131 silly currentTree │ ├── querystring-es3@0.2.1
131 silly currentTree │ ├── querystring@0.2.0
131 silly currentTree │ ├── randombytes@2.0.3
131 silly currentTree │ ├── readable-stream@2.2.1
131 silly currentTree │ ├── ripemd160@1.0.1
131 silly currentTree │ ├── sha.js@2.4.8
131 silly currentTree │ ├── stream-browserify@2.0.1
131 silly currentTree │ ├── string_decoder@0.10.31
131 silly currentTree │ ├── timers-browserify@1.4.2
131 silly currentTree │ ├── tty-browserify@0.0.0
131 silly currentTree │ ├─┬ url@0.11.0
131 silly currentTree │ │ └── punycode@1.3.2
131 silly currentTree │ ├── util-deprecate@1.0.2
131 silly currentTree │ ├── util@0.10.3
131 silly currentTree │ └── vm-browserify@0.0.4
131 silly currentTree └── regenerator-runtime@0.9.6
132 silly idealTree workoutTracker@
132 silly idealTree ├── babel-runtime@6.18.0
132 silly idealTree ├── bcrypt@0.8.7
132 silly idealTree ├── bindings@1.2.1
132 silly idealTree ├── core-js@2.4.1
132 silly idealTree ├─┬ meteor-node-stubs@0.2.4
132 silly idealTree │ ├── asn1.js@4.9.0
132 silly idealTree │ ├── assert@1.4.1
132 silly idealTree │ ├── base64-js@1.2.0
132 silly idealTree │ ├── Base64@0.2.1
132 silly idealTree │ ├── bn.js@4.11.6
132 silly idealTree │ ├── brorand@1.0.6
132 silly idealTree │ ├── browserify-aes@1.0.6
132 silly idealTree │ ├── browserify-cipher@1.0.0
132 silly idealTree │ ├── browserify-des@1.0.0
132 silly idealTree │ ├── browserify-rsa@4.0.1
132 silly idealTree │ ├── browserify-sign@4.0.0
132 silly idealTree │ ├── browserify-zlib@0.1.4
132 silly idealTree │ ├── buffer-shims@1.0.0
132 silly idealTree │ ├── buffer-xor@1.0.3
132 silly idealTree │ ├── buffer@4.9.1
132 silly idealTree │ ├── cipher-base@1.0.3
132 silly idealTree │ ├── console-browserify@1.1.0
132 silly idealTree │ ├── constants-browserify@1.0.0
132 silly idealTree │ ├── core-util-is@1.0.2
132 silly idealTree │ ├── create-ecdh@4.0.0
132 silly idealTree │ ├── create-hash@1.1.2
132 silly idealTree │ ├── create-hmac@1.1.4
132 silly idealTree │ ├── crypto-browserify@3.11.0
132 silly idealTree │ ├── date-now@0.1.4
132 silly idealTree │ ├── des.js@1.0.0
132 silly idealTree │ ├── diffie-hellman@5.0.2
132 silly idealTree │ ├── domain-browser@1.1.7
132 silly idealTree │ ├── elliptic@6.3.2
132 silly idealTree │ ├── events@1.1.1
132 silly idealTree │ ├── evp_bytestokey@1.0.0
132 silly idealTree │ ├── hash.js@1.0.3
132 silly idealTree │ ├── http-browserify@1.7.0
132 silly idealTree │ ├── https-browserify@0.0.1
132 silly idealTree │ ├── ieee754@1.1.8
132 silly idealTree │ ├── indexof@0.0.1
132 silly idealTree │ ├── inherits@2.0.1
132 silly idealTree │ ├── isarray@1.0.0
132 silly idealTree │ ├── miller-rabin@4.0.0
132 silly idealTree │ ├── minimalistic-assert@1.0.0
132 silly idealTree │ ├── os-browserify@0.2.1
132 silly idealTree │ ├── pako@0.2.9
132 silly idealTree │ ├── parse-asn1@5.0.0
132 silly idealTree │ ├── path-browserify@0.0.0
132 silly idealTree │ ├── pbkdf2@3.0.9
132 silly idealTree │ ├── process-nextick-args@1.0.7
132 silly idealTree │ ├── process@0.11.9
132 silly idealTree │ ├── public-encrypt@4.0.0
132 silly idealTree │ ├── punycode@1.4.1
132 silly idealTree │ ├── querystring-es3@0.2.1
132 silly idealTree │ ├── querystring@0.2.0
132 silly idealTree │ ├── randombytes@2.0.3
132 silly idealTree │ ├── readable-stream@2.2.1
132 silly idealTree │ ├── ripemd160@1.0.1
132 silly idealTree │ ├── sha.js@2.4.8
132 silly idealTree │ ├── stream-browserify@2.0.1
132 silly idealTree │ ├── string_decoder@0.10.31
132 silly idealTree │ ├── timers-browserify@1.4.2
132 silly idealTree │ ├── tty-browserify@0.0.0
132 silly idealTree │ ├─┬ url@0.11.0
132 silly idealTree │ │ └── punycode@1.3.2
132 silly idealTree │ ├── util-deprecate@1.0.2
132 silly idealTree │ ├── util@0.10.3
132 silly idealTree │ └── vm-browserify@0.0.4
132 silly idealTree ├── nan@2.3.5
132 silly idealTree └── regenerator-runtime@0.9.6
133 silly generateActionsToTake Starting
134 silly install generateActionsToTake
135 silly generateActionsToTake Finishing
136 silly diffTrees action count 3
137 silly diffTrees add bindings@1.2.1
138 silly diffTrees add nan@2.3.5
139 silly diffTrees add bcrypt@0.8.7
140 silly decomposeActions action count 24
141 silly decomposeActions fetch bindings@1.2.1
142 silly decomposeActions extract bindings@1.2.1
143 silly decomposeActions test bindings@1.2.1
144 silly decomposeActions preinstall bindings@1.2.1
145 silly decomposeActions build bindings@1.2.1
146 silly decomposeActions install bindings@1.2.1
147 silly decomposeActions postinstall bindings@1.2.1
148 silly decomposeActions finalize bindings@1.2.1
149 silly decomposeActions fetch nan@2.3.5
150 silly decomposeActions extract nan@2.3.5
151 silly decomposeActions test nan@2.3.5
152 silly decomposeActions preinstall nan@2.3.5
153 silly decomposeActions build nan@2.3.5
154 silly decomposeActions install nan@2.3.5
155 silly decomposeActions postinstall nan@2.3.5
156 silly decomposeActions finalize nan@2.3.5
157 silly decomposeActions fetch bcrypt@0.8.7
158 silly decomposeActions extract bcrypt@0.8.7
159 silly decomposeActions test bcrypt@0.8.7
160 silly decomposeActions preinstall bcrypt@0.8.7
161 silly decomposeActions build bcrypt@0.8.7
162 silly decomposeActions install bcrypt@0.8.7
163 silly decomposeActions postinstall bcrypt@0.8.7
164 silly decomposeActions finalize bcrypt@0.8.7
165 silly runTopLevelLifecycles Starting
166 silly executeActions Starting
167 silly install executeActions
168 silly doSerial global-install 0
169 silly doParallel fetch 3
170 verbose correctMkdir /Users/brainiac/.meteor/packages/meteor-tool/.1.4.2_1.3msdi1++os.osx.x86_64+web.browser+web.cordova/mt-os.osx.x86_64/dev_bundle/.npm/_locks correctMkdir not in flight; initializing
171 verbose lock using /Users/brainiac/.meteor/packages/meteor-tool/.1.4.2_1.3msdi1++os.osx.x86_64+web.browser+web.cordova/mt-os.osx.x86_64/dev_bundle/.npm/_locks/staging-e04241e1fc64a2a7.lock for /Users/brainiac/Library/Mobile Documents/com~apple~CloudDocs/MIA_proof/meteor_in_action_1.3_later/workoutTracker/node_modules/.staging
172 silly doParallel extract 3
173 silly extract bindings@1.2.1
174 silly extract nan@2.3.5
175 silly extract bcrypt@0.8.7
176 verbose unbuild node_modules/.staging/nan-13c9fd2e
177 verbose unbuild node_modules/.staging/bindings-1c3e9f42
178 verbose unbuild node_modules/.staging/bcrypt-42fc064c
179 silly gentlyRm /Users/brainiac/Library/Mobile Documents/com~apple~CloudDocs/MIA_proof/meteor_in_action_1.3_later/workoutTracker/node_modules/.staging/nan-13c9fd2e is being purged from base /Users/brainiac/Library/Mobile Documents/com~apple~CloudDocs/MIA_proof/meteor_in_action_1.3_later/workoutTracker
180 verbose gentlyRm don't care about contents; nuking /Users/brainiac/Library/Mobile Documents/com~apple~CloudDocs/MIA_proof/meteor_in_action_1.3_later/workoutTracker/node_modules/.staging/nan-13c9fd2e
181 silly gentlyRm /Users/brainiac/Library/Mobile Documents/com~apple~CloudDocs/MIA_proof/meteor_in_action_1.3_later/workoutTracker/node_modules/.staging/bindings-1c3e9f42 is being purged from base /Users/brainiac/Library/Mobile Documents/com~apple~CloudDocs/MIA_proof/meteor_in_action_1.3_later/workoutTracker
182 verbose gentlyRm don't care about contents; nuking /Users/brainiac/Library/Mobile Documents/com~apple~CloudDocs/MIA_proof/meteor_in_action_1.3_later/workoutTracker/node_modules/.staging/bindings-1c3e9f42
183 verbose tar unpack /Users/brainiac/.meteor/packages/meteor-tool/.1.4.2_1.3msdi1++os.osx.x86_64+web.browser+web.cordova/mt-os.osx.x86_64/dev_bundle/.npm/nan/2.3.5/package.tgz
184 verbose tar unpacking to /Users/brainiac/Library/Mobile Documents/com~apple~CloudDocs/MIA_proof/meteor_in_action_1.3_later/workoutTracker/node_modules/.staging/nan-13c9fd2e
185 silly gentlyRm /Users/brainiac/Library/Mobile Documents/com~apple~CloudDocs/MIA_proof/meteor_in_action_1.3_later/workoutTracker/node_modules/.staging/nan-13c9fd2e is being purged
186 verbose gentlyRm don't care about contents; nuking /Users/brainiac/Library/Mobile Documents/com~apple~CloudDocs/MIA_proof/meteor_in_action_1.3_later/workoutTracker/node_modules/.staging/nan-13c9fd2e
187 verbose tar unpack /Users/brainiac/.meteor/packages/meteor-tool/.1.4.2_1.3msdi1++os.osx.x86_64+web.browser+web.cordova/mt-os.osx.x86_64/dev_bundle/.npm/bindings/1.2.1/package.tgz
188 verbose tar unpacking to /Users/brainiac/Library/Mobile Documents/com~apple~CloudDocs/MIA_proof/meteor_in_action_1.3_later/workoutTracker/node_modules/.staging/bindings-1c3e9f42
189 silly gentlyRm /Users/brainiac/Library/Mobile Documents/com~apple~CloudDocs/MIA_proof/meteor_in_action_1.3_later/workoutTracker/node_modules/.staging/bindings-1c3e9f42 is being purged
190 verbose gentlyRm don't care about contents; nuking /Users/brainiac/Library/Mobile Documents/com~apple~CloudDocs/MIA_proof/meteor_in_action_1.3_later/workoutTracker/node_modules/.staging/bindings-1c3e9f42
191 silly gentlyRm /Users/brainiac/Library/Mobile Documents/com~apple~CloudDocs/MIA_proof/meteor_in_action_1.3_later/workoutTracker/node_modules/.staging/bcrypt-42fc064c is being purged from base /Users/brainiac/Library/Mobile Documents/com~apple~CloudDocs/MIA_proof/meteor_in_action_1.3_later/workoutTracker
192 verbose gentlyRm don't care about contents; nuking /Users/brainiac/Library/Mobile Documents/com~apple~CloudDocs/MIA_proof/meteor_in_action_1.3_later/workoutTracker/node_modules/.staging/bcrypt-42fc064c
193 silly gunzTarPerm modes [ '755', '644' ]
194 silly gunzTarPerm modes [ '755', '644' ]
195 verbose tar unpack /Users/brainiac/.meteor/packages/meteor-tool/.1.4.2_1.3msdi1++os.osx.x86_64+web.browser+web.cordova/mt-os.osx.x86_64/dev_bundle/.npm/bcrypt/0.8.7/package.tgz
196 verbose tar unpacking to /Users/brainiac/Library/Mobile Documents/com~apple~CloudDocs/MIA_proof/meteor_in_action_1.3_later/workoutTracker/node_modules/.staging/bcrypt-42fc064c
197 silly gentlyRm /Users/brainiac/Library/Mobile Documents/com~apple~CloudDocs/MIA_proof/meteor_in_action_1.3_later/workoutTracker/node_modules/.staging/bcrypt-42fc064c is being purged
198 verbose gentlyRm don't care about contents; nuking /Users/brainiac/Library/Mobile Documents/com~apple~CloudDocs/MIA_proof/meteor_in_action_1.3_later/workoutTracker/node_modules/.staging/bcrypt-42fc064c
199 silly gunzTarPerm modes [ '755', '644' ]
200 silly gunzTarPerm extractEntry package.json
201 silly gunzTarPerm modified mode [ 'package.json', 436, 420 ]
202 silly gunzTarPerm extractEntry package.json
203 silly gunzTarPerm extractEntry package.json
204 silly gunzTarPerm extractEntry README.md
205 silly gunzTarPerm modified mode [ 'README.md', 436, 420 ]
206 silly gunzTarPerm extractEntry README.md
207 silly gunzTarPerm extractEntry bindings.js
208 silly gunzTarPerm extractEntry include_dirs.js
209 silly gunzTarPerm modified mode [ 'include_dirs.js', 436, 420 ]
210 silly gunzTarPerm extractEntry .npmignore
211 silly gunzTarPerm extractEntry README.md
212 silly gunzTarPerm extractEntry LICENSE
213 silly gunzTarPerm extractEntry bcrypt.js
214 silly gunzTarPerm extractEntry Makefile
215 silly gunzTarPerm extractEntry .travis.yml
216 silly gunzTarPerm extractEntry CHANGELOG.md
217 silly gunzTarPerm extractEntry binding.gyp
218 silly gunzTarPerm extractEntry examples/async_compare.js
219 silly gunzTarPerm extractEntry examples/forever_gen_salt.js
220 silly gunzTarPerm extractEntry test/async.js
221 silly gunzTarPerm extractEntry test/repetitions.js
222 silly gunzTarPerm extractEntry test/sync.js
223 silly gunzTarPerm extractEntry ISSUE_TEMPLATE.md
224 silly gunzTarPerm extractEntry src/bcrypt.cc
225 silly gunzTarPerm extractEntry src/bcrypt_node.cc
226 silly gunzTarPerm extractEntry src/blowfish.cc
227 silly gunzTarPerm extractEntry src/node_blf.h
228 silly gunzTarPerm extractEntry werker.yml
229 silly gunzTarPerm extractEntry nan_converters.h
230 silly gunzTarPerm modified mode [ 'nan_converters.h', 436, 420 ]
231 silly gunzTarPerm extractEntry LICENSE.md
232 silly gunzTarPerm modified mode [ 'LICENSE.md', 436, 420 ]
233 silly gunzTarPerm extractEntry doc/node_misc.md
234 silly gunzTarPerm modified mode [ 'doc/node_misc.md', 436, 420 ]
235 silly gunzTarPerm extractEntry doc/asyncworker.md
236 silly gunzTarPerm modified mode [ 'doc/asyncworker.md', 436, 420 ]
237 silly gunzTarPerm extractEntry doc/callback.md
238 silly gunzTarPerm modified mode [ 'doc/callback.md', 436, 420 ]
239 silly gunzTarPerm extractEntry doc/converters.md
240 silly gunzTarPerm modified mode [ 'doc/converters.md', 436, 420 ]
241 silly gunzTarPerm extractEntry doc/errors.md
242 silly gunzTarPerm modified mode [ 'doc/errors.md', 436, 420 ]
243 silly gunzTarPerm extractEntry doc/maybe_types.md
244 silly gunzTarPerm modified mode [ 'doc/maybe_types.md', 436, 420 ]
245 silly gunzTarPerm extractEntry doc/methods.md
246 silly gunzTarPerm modified mode [ 'doc/methods.md', 436, 420 ]
247 silly gunzTarPerm extractEntry doc/new.md
248 silly gunzTarPerm modified mode [ 'doc/new.md', 436, 420 ]
249 silly gentlyRm /Users/brainiac/Library/Mobile Documents/com~apple~CloudDocs/MIA_proof/meteor_in_action_1.3_later/workoutTracker/node_modules/.staging/bindings-1c3e9f42/node_modules is being purged
250 verbose gentlyRm don't care about contents; nuking /Users/brainiac/Library/Mobile Documents/com~apple~CloudDocs/MIA_proof/meteor_in_action_1.3_later/workoutTracker/node_modules/.staging/bindings-1c3e9f42/node_modules
251 silly gunzTarPerm extractEntry doc/buffers.md
252 silly gunzTarPerm modified mode [ 'doc/buffers.md', 436, 420 ]
253 silly gunzTarPerm extractEntry doc/object_wrappers.md
254 silly gunzTarPerm modified mode [ 'doc/object_wrappers.md', 436, 420 ]
255 silly gunzTarPerm extractEntry doc/persistent.md
256 silly gunzTarPerm modified mode [ 'doc/persistent.md', 436, 420 ]
257 silly gunzTarPerm extractEntry doc/scopes.md
258 silly gunzTarPerm modified mode [ 'doc/scopes.md', 436, 420 ]
259 silly gunzTarPerm extractEntry doc/script.md
260 silly gunzTarPerm modified mode [ 'doc/script.md', 436, 420 ]
261 silly gunzTarPerm extractEntry doc/string_bytes.md
262 silly gunzTarPerm modified mode [ 'doc/string_bytes.md', 436, 420 ]
263 silly gunzTarPerm extractEntry doc/v8_internals.md
264 silly gunzTarPerm modified mode [ 'doc/v8_internals.md', 436, 420 ]
265 silly gunzTarPerm extractEntry doc/v8_misc.md
266 silly gunzTarPerm modified mode [ 'doc/v8_misc.md', 436, 420 ]
267 silly gunzTarPerm extractEntry nan.h
268 silly gunzTarPerm modified mode [ 'nan.h', 436, 420 ]
269 silly gunzTarPerm extractEntry nan_callbacks.h
270 silly gunzTarPerm modified mode [ 'nan_callbacks.h', 436, 420 ]
271 silly gunzTarPerm extractEntry nan_callbacks_12_inl.h
272 silly gunzTarPerm modified mode [ 'nan_callbacks_12_inl.h', 436, 420 ]
273 silly gunzTarPerm extractEntry nan_callbacks_pre_12_inl.h
274 silly gunzTarPerm modified mode [ 'nan_callbacks_pre_12_inl.h', 436, 420 ]
275 silly gunzTarPerm extractEntry nan_converters_43_inl.h
276 silly gunzTarPerm modified mode [ 'nan_converters_43_inl.h', 436, 420 ]
277 silly gunzTarPerm extractEntry nan_converters_pre_43_inl.h
278 silly gunzTarPerm modified mode [ 'nan_converters_pre_43_inl.h', 436, 420 ]
279 silly gunzTarPerm extractEntry nan_implementation_12_inl.h
280 silly gunzTarPerm modified mode [ 'nan_implementation_12_inl.h', 436, 420 ]
281 silly gunzTarPerm extractEntry nan_implementation_pre_12_inl.h
282 silly gunzTarPerm modified mode [ 'nan_implementation_pre_12_inl.h', 436, 420 ]
283 silly gunzTarPerm extractEntry nan_maybe_43_inl.h
284 silly gunzTarPerm modified mode [ 'nan_maybe_43_inl.h', 436, 420 ]
285 silly gunzTarPerm extractEntry nan_maybe_pre_43_inl.h
286 silly gunzTarPerm modified mode [ 'nan_maybe_pre_43_inl.h', 436, 420 ]
287 silly gunzTarPerm extractEntry nan_new.h
288 silly gunzTarPerm modified mode [ 'nan_new.h', 436, 420 ]
289 silly gunzTarPerm extractEntry nan_object_wrap.h
290 silly gunzTarPerm modified mode [ 'nan_object_wrap.h', 436, 420 ]
291 silly gunzTarPerm extractEntry nan_persistent_12_inl.h
292 silly gunzTarPerm modified mode [ 'nan_persistent_12_inl.h', 436, 420 ]
293 silly gunzTarPerm extractEntry nan_persistent_pre_12_inl.h
294 silly gunzTarPerm modified mode [ 'nan_persistent_pre_12_inl.h', 436, 420 ]
295 silly gunzTarPerm extractEntry nan_string_bytes.h
296 silly gunzTarPerm modified mode [ 'nan_string_bytes.h', 436, 420 ]
297 silly gunzTarPerm extractEntry nan_typedarray_contents.h
298 silly gunzTarPerm modified mode [ 'nan_typedarray_contents.h', 436, 420 ]
299 silly gunzTarPerm extractEntry nan_weak.h
300 silly gunzTarPerm modified mode [ 'nan_weak.h', 436, 420 ]
301 silly gunzTarPerm extractEntry CHANGELOG.md
302 silly gunzTarPerm modified mode [ 'CHANGELOG.md', 436, 420 ]
303 silly gunzTarPerm extractEntry tools/package.json
304 silly gunzTarPerm modified mode [ 'tools/package.json', 436, 420 ]
305 silly gunzTarPerm extractEntry tools/README.md
306 silly gunzTarPerm modified mode [ 'tools/README.md', 436, 420 ]
307 silly gunzTarPerm extractEntry tools/1to2.js
308 silly gunzTarPerm modified mode [ 'tools/1to2.js', 509, 493 ]
309 silly gentlyRm /Users/brainiac/Library/Mobile Documents/com~apple~CloudDocs/MIA_proof/meteor_in_action_1.3_later/workoutTracker/node_modules/.staging/bcrypt-42fc064c/node_modules is being purged
310 verbose gentlyRm don't care about contents; nuking /Users/brainiac/Library/Mobile Documents/com~apple~CloudDocs/MIA_proof/meteor_in_action_1.3_later/workoutTracker/node_modules/.staging/bcrypt-42fc064c/node_modules
311 silly gentlyRm /Users/brainiac/Library/Mobile Documents/com~apple~CloudDocs/MIA_proof/meteor_in_action_1.3_later/workoutTracker/node_modules/.staging/nan-13c9fd2e/node_modules is being purged
312 verbose gentlyRm don't care about contents; nuking /Users/brainiac/Library/Mobile Documents/com~apple~CloudDocs/MIA_proof/meteor_in_action_1.3_later/workoutTracker/node_modules/.staging/nan-13c9fd2e/node_modules
313 silly doParallel preinstall 3
314 silly preinstall bindings@1.2.1 /Users/brainiac/Library/Mobile Documents/com~apple~CloudDocs/MIA_proof/meteor_in_action_1.3_later/workoutTracker/node_modules/.staging/bindings-1c3e9f42
315 info lifecycle bindings@1.2.1~preinstall: bindings@1.2.1
316 silly preinstall nan@2.3.5 /Users/brainiac/Library/Mobile Documents/com~apple~CloudDocs/MIA_proof/meteor_in_action_1.3_later/workoutTracker/node_modules/.staging/nan-13c9fd2e
317 info lifecycle nan@2.3.5~preinstall: nan@2.3.5
318 silly preinstall bcrypt@0.8.7 /Users/brainiac/Library/Mobile Documents/com~apple~CloudDocs/MIA_proof/meteor_in_action_1.3_later/workoutTracker/node_modules/.staging/bcrypt-42fc064c
319 info lifecycle bcrypt@0.8.7~preinstall: bcrypt@0.8.7
320 silly lifecycle bindings@1.2.1~preinstall: no script for preinstall, continuing
321 silly lifecycle nan@2.3.5~preinstall: no script for preinstall, continuing
322 silly lifecycle bcrypt@0.8.7~preinstall: no script for preinstall, continuing
323 silly doReverseSerial remove 0
324 silly doSerial move 0
325 silly doSerial finalize 3
326 silly finalize /Users/brainiac/Library/Mobile Documents/com~apple~CloudDocs/MIA_proof/meteor_in_action_1.3_later/workoutTracker/node_modules/bindings
327 silly finalize /Users/brainiac/Library/Mobile Documents/com~apple~CloudDocs/MIA_proof/meteor_in_action_1.3_later/workoutTracker/node_modules/nan
328 silly finalize /Users/brainiac/Library/Mobile Documents/com~apple~CloudDocs/MIA_proof/meteor_in_action_1.3_later/workoutTracker/node_modules/bcrypt
329 silly doSerial build 3
330 silly build bindings@1.2.1
331 info linkStuff bindings@1.2.1
332 silly linkStuff bindings@1.2.1 has /Users/brainiac/Library/Mobile Documents/com~apple~CloudDocs/MIA_proof/meteor_in_action_1.3_later/workoutTracker/node_modules as its parent node_modules
333 verbose linkBins bindings@1.2.1
334 verbose linkMans bindings@1.2.1
335 silly build nan@2.3.5
336 info linkStuff nan@2.3.5
337 silly linkStuff nan@2.3.5 has /Users/brainiac/Library/Mobile Documents/com~apple~CloudDocs/MIA_proof/meteor_in_action_1.3_later/workoutTracker/node_modules as its parent node_modules
338 verbose linkBins nan@2.3.5
339 verbose linkMans nan@2.3.5
340 silly build bcrypt@0.8.7
341 info linkStuff bcrypt@0.8.7
342 silly linkStuff bcrypt@0.8.7 has /Users/brainiac/Library/Mobile Documents/com~apple~CloudDocs/MIA_proof/meteor_in_action_1.3_later/workoutTracker/node_modules as its parent node_modules
343 verbose linkBins bcrypt@0.8.7
344 verbose linkMans bcrypt@0.8.7
345 silly doSerial global-link 0
346 silly doParallel update-linked 0
347 silly doSerial install 3
348 silly install bindings@1.2.1 /Users/brainiac/Library/Mobile Documents/com~apple~CloudDocs/MIA_proof/meteor_in_action_1.3_later/workoutTracker/node_modules/.staging/bindings-1c3e9f42
349 info lifecycle bindings@1.2.1~install: bindings@1.2.1
350 silly lifecycle bindings@1.2.1~install: no script for install, continuing
351 silly install nan@2.3.5 /Users/brainiac/Library/Mobile Documents/com~apple~CloudDocs/MIA_proof/meteor_in_action_1.3_later/workoutTracker/node_modules/.staging/nan-13c9fd2e
352 info lifecycle nan@2.3.5~install: nan@2.3.5
353 silly lifecycle nan@2.3.5~install: no script for install, continuing
354 silly install bcrypt@0.8.7 /Users/brainiac/Library/Mobile Documents/com~apple~CloudDocs/MIA_proof/meteor_in_action_1.3_later/workoutTracker/node_modules/.staging/bcrypt-42fc064c
355 info lifecycle bcrypt@0.8.7~install: bcrypt@0.8.7
356 verbose lifecycle bcrypt@0.8.7~install: unsafe-perm in lifecycle true
357 verbose lifecycle bcrypt@0.8.7~install: PATH: /Users/brainiac/.meteor/packages/meteor-tool/.1.4.2_1.3msdi1++os.osx.x86_64+web.browser+web.cordova/mt-os.osx.x86_64/dev_bundle/lib/node_modules/npm/bin/node-gyp-bin:/Users/brainiac/Library/Mobile Documents/com~apple~CloudDocs/MIA_proof/meteor_in_action_1.3_later/workoutTracker/node_modules/bcrypt/node_modules/.bin:/Users/brainiac/Library/Mobile Documents/com~apple~CloudDocs/MIA_proof/meteor_in_action_1.3_later/workoutTracker/node_modules/.bin:/Users/brainiac/.meteor/packages/meteor-tool/.1.4.2_1.3msdi1++os.osx.x86_64+web.browser+web.cordova/mt-os.osx.x86_64/dev_bundle/bin:/Users/brainiac/.meteor/packages/meteor-tool/.1.4.2_1.3msdi1++os.osx.x86_64+web.browser+web.cordova/mt-os.osx.x86_64/dev_bundle/lib/node_modules/.bin:/Users/brainiac/.node_modules_global/bin:/Users/brainiac/anaconda/bin:/usr/local/bin:/usr/bin:/bin:/usr/sbin:/sbin:/Library/TeX/texbin:/usr/local/mongodb/bin
358 verbose lifecycle bcrypt@0.8.7~install: CWD: /Users/brainiac/Library/Mobile Documents/com~apple~CloudDocs/MIA_proof/meteor_in_action_1.3_later/workoutTracker/node_modules/bcrypt
359 silly lifecycle bcrypt@0.8.7~install: Args: [ '-c', 'node-gyp rebuild' ]
360 silly lifecycle bcrypt@0.8.7~install: Returned: code: 1  signal: null
361 info lifecycle bcrypt@0.8.7~install: Failed to exec install script
362 verbose unlock done using /Users/brainiac/.meteor/packages/meteor-tool/.1.4.2_1.3msdi1++os.osx.x86_64+web.browser+web.cordova/mt-os.osx.x86_64/dev_bundle/.npm/_locks/staging-e04241e1fc64a2a7.lock for /Users/brainiac/Library/Mobile Documents/com~apple~CloudDocs/MIA_proof/meteor_in_action_1.3_later/workoutTracker/node_modules/.staging
363 silly rollbackFailedOptional Starting
364 silly rollbackFailedOptional Finishing
365 silly runTopLevelLifecycles Finishing
366 silly install printInstalled
367 verbose stack Error: bcrypt@0.8.7 install: `node-gyp rebuild`
367 verbose stack Exit status 1
367 verbose stack     at EventEmitter.<anonymous> (/Users/brainiac/.meteor/packages/meteor-tool/.1.4.2_1.3msdi1++os.osx.x86_64+web.browser+web.cordova/mt-os.osx.x86_64/dev_bundle/lib/node_modules/npm/lib/utils/lifecycle.js:255:16)
367 verbose stack     at emitTwo (events.js:87:13)
367 verbose stack     at EventEmitter.emit (events.js:172:7)
367 verbose stack     at ChildProcess.<anonymous> (/Users/brainiac/.meteor/packages/meteor-tool/.1.4.2_1.3msdi1++os.osx.x86_64+web.browser+web.cordova/mt-os.osx.x86_64/dev_bundle/lib/node_modules/npm/lib/utils/spawn.js:40:14)
367 verbose stack     at emitTwo (events.js:87:13)
367 verbose stack     at ChildProcess.emit (events.js:172:7)
367 verbose stack     at maybeClose (internal/child_process.js:829:16)
367 verbose stack     at Process.ChildProcess._handle.onexit (internal/child_process.js:211:5)
368 verbose pkgid bcrypt@0.8.7
369 verbose cwd /Users/brainiac/Library/Mobile Documents/com~apple~CloudDocs/MIA_proof/meteor_in_action_1.3_later/workoutTracker
370 error Darwin 16.1.0
371 error argv "/Users/brainiac/.meteor/packages/meteor-tool/.1.4.2_1.3msdi1++os.osx.x86_64+web.browser+web.cordova/mt-os.osx.x86_64/dev_bundle/bin/node" "/Users/brainiac/.meteor/packages/meteor-tool/.1.4.2_1.3msdi1++os.osx.x86_64+web.browser+web.cordova/mt-os.osx.x86_64/dev_bundle/bin/npm" "install" "--save" "bcrypt"
372 error node v4.6.1
373 error npm  v3.10.9
374 error code ELIFECYCLE
375 error bcrypt@0.8.7 install: `node-gyp rebuild`
375 error Exit status 1
376 error Failed at the bcrypt@0.8.7 install script 'node-gyp rebuild'.
376 error Make sure you have the latest version of node.js and npm installed.
376 error If you do, this is most likely a problem with the bcrypt package,
376 error not with npm itself.
376 error Tell the author that this fails on your system:
376 error     node-gyp rebuild
376 error You can get information on how to open an issue for this project with:
376 error     npm bugs bcrypt
376 error Or if that isn't available, you can get their info via:
376 error     npm owner ls bcrypt
376 error There is likely additional logging output above.
377 verbose exit [ 1, true ]
